Using pre-set license
Built from '2020.2/release' branch; Version is '2020.2.1f1 (270dd8c3da1c) revision 2559448'; Using compiler version '192528614'; Build Type 'Release'
OS: 'Windows 10  (10.0.0) 64bit' Language: 'en' Physical Memory: 16315 MB
BatchMode: 1, IsHumanControllingUs: 0, StartBugReporterOnCrash: 0, Is64bit: 1, IsPro: 0

 COMMAND LINE ARGUMENTS:
D:\ProgramFiles\2020.2.1f1\Editor\Unity.exe
-adb2
-batchMode
-noUpm
-name
AssetImportWorker0
-projectPath
D:/Users/msand/Documents/Neon_Slot_Racer
-logFile
Logs/AssetImportWorker0.log
-srvPort
49349
Successfully changed project path to: D:/Users/msand/Documents/Neon_Slot_Racer
D:/Users/msand/Documents/Neon_Slot_Racer
Using Asset Import Pipeline V2.
Refreshing native plugins compatible for Editor in 58.05 ms, found 0 plugins.
Preloading 0 native plugins for Editor in 0.00 ms.
Initialize engine version: 2020.2.1f1 (270dd8c3da1c)
[Subsystems] Discovering subsystems at path D:/ProgramFiles/2020.2.1f1/Editor/Data/Resources/UnitySubsystems
[Subsystems] Discovering subsystems at path D:/Users/msand/Documents/Neon_Slot_Racer/Assets
GfxDevice: creating device client; threaded=0
Direct3D:
    Version:  Direct3D 11.0 [level 11.1]
    Renderer: Radeon RX 570 Series (ID=0x67df)
    Vendor:   
    VRAM:     8171 MB
    Driver:   27.20.21003.1028
Initialize mono
Mono path[0] = 'D:/ProgramFiles/2020.2.1f1/Editor/Data/Managed'
Mono path[1] = 'D:/ProgramFiles/2020.2.1f1/Editor/Data/MonoBleedingEdge/lib/mono/unityjit'
Mono config path = 'D:/ProgramFiles/2020.2.1f1/Editor/Data/MonoBleedingEdge/etc'
Using monoOptions --debugger-agent=transport=dt_socket,embedding=1,server=y,suspend=n,address=127.0.0.1:56632
Begin MonoManager ReloadAssembly
Registering precompiled unity dll's ...
Register platform support module: D:/ProgramFiles/2020.2.1f1/Editor/Data/PlaybackEngines/WindowsStandaloneSupport/UnityEditor.WindowsStandalone.Extensions.dll
Registered in 0.001040 seconds.
Native extension for WindowsStandalone target not found
Refreshing native plugins compatible for Editor in 21.38 ms, found 0 plugins.
Preloading 0 native plugins for Editor in 0.00 ms.
Invoked RoslynAnalysisRunner static constructor.
RoslynAnalysisRunner will not be running.
RoslynAnalysisRunner has terminated.
Mono: successfully reloaded assembly
- Completed reload, in  1.004 seconds
Platform modules already initialized, skipping
Registering precompiled user dll's ...
Registered in 0.000495 seconds.
Begin MonoManager ReloadAssembly
Native extension for WindowsStandalone target not found
Refreshing native plugins compatible for Editor in 0.26 ms, found 0 plugins.
Preloading 0 native plugins for Editor in 0.00 ms.
Invoked RoslynAnalysisRunner static constructor.
RoslynAnalysisRunner will not be running.
RoslynAnalysisRunner has terminated.
Mono: successfully reloaded assembly
- Completed reload, in  0.775 seconds
Platform modules already initialized, skipping
========================================================================
Worker process is ready to serve import requests
Launched and connected shader compiler UnityShaderCompiler.exe after 0.08 seconds
Refreshing native plugins compatible for Editor in 0.25 ms, found 0 plugins.
Preloading 0 native plugins for Editor in 0.00 ms.
Unloading 1142 Unused Serialized files (Serialized files now loaded: 0)
System memory in use before: 59.4 MB.
System memory in use after: 59.5 MB.

Unloading 8 unused Assets to reduce memory usage. Loaded Objects now: 1588.
Total: 1.676300 ms (FindLiveObjects: 0.188700 ms CreateObjectMapping: 0.032000 ms MarkObjects: 1.431100 ms  DeleteObjects: 0.023600 ms)

========================================================================
Received Import Request.
  path: Assets/Scenes/ButterflyTest.unity
  artifactKey: Guid(255d5db3afc1d0748b66163acc585a32) Importer(815301076,1909f56bfc062723c751e8b465ee728b)
Start importing Assets/Scenes/ButterflyTest.unity using Guid(255d5db3afc1d0748b66163acc585a32) Importer(815301076,1909f56bfc062723c751e8b465ee728b)  -> (artifact id: 'fc6014605c844cd37709d804c080f02c') in 0.030330 seconds
  Import took 0.039603 seconds .

========================================================================
Received Import Request.
  Time since last request: 16.082772 seconds.
  path: Assets/Scenes/Prototype_Butterfly_Track.fbx
  artifactKey: Guid(daec773944c632441b6251bf89fb363d) Importer(815301076,1909f56bfc062723c751e8b465ee728b)
Start importing Assets/Scenes/Prototype_Butterfly_Track.fbx using Guid(daec773944c632441b6251bf89fb363d) Importer(815301076,1909f56bfc062723c751e8b465ee728b)  -> (artifact id: '502aa9ae0bfb102c7c88d8dc9a1ab8f2') in 0.488703 seconds
  Import took 0.501606 seconds .

========================================================================
Received Import Request.
  Time since last request: 24.217516 seconds.
  path: Assets/Prefabs/Track Leader.prefab
  artifactKey: Guid(d6fc1a19b52945645a78f7d1a2217295) Importer(815301076,1909f56bfc062723c751e8b465ee728b)
Start importing Assets/Prefabs/Track Leader.prefab using Guid(d6fc1a19b52945645a78f7d1a2217295) Importer(815301076,1909f56bfc062723c751e8b465ee728b)  -> (artifact id: 'ebea414188883d37716d3a8caa76f9ba') in 0.012191 seconds
  Import took 0.052511 seconds .

========================================================================
Received Import Request.
  Time since last request: 0.000794 seconds.
  path: Assets/Prefabs/Track Leader.prefab
  artifactKey: Guid(d6fc1a19b52945645a78f7d1a2217295) Importer(815301076,1909f56bfc062723c751e8b465ee728b)
Start importing Assets/Prefabs/Track Leader.prefab using Guid(d6fc1a19b52945645a78f7d1a2217295) Importer(815301076,1909f56bfc062723c751e8b465ee728b)  -> (artifact id: 'ebea414188883d37716d3a8caa76f9ba') in 0.004944 seconds
  Import took 0.006440 seconds .

========================================================================
Received Import Request.
  Time since last request: 2068.775627 seconds.
  path: Assets/Scenes/MattTest.unity
  artifactKey: Guid(562f28637da197346b5d68bd0ec98044) Importer(815301076,1909f56bfc062723c751e8b465ee728b)
Start importing Assets/Scenes/MattTest.unity using Guid(562f28637da197346b5d68bd0ec98044) Importer(815301076,1909f56bfc062723c751e8b465ee728b)  -> (artifact id: '0a3c5a2d2bde3b23ffe5448384266dbd') in 0.003274 seconds
  Import took 0.272514 seconds .

========================================================================
Received Import Request.
  Time since last request: 291.853605 seconds.
  path: Assets/Scenes/ButterflyTest.unity
  artifactKey: Guid(255d5db3afc1d0748b66163acc585a32) Importer(815301076,1909f56bfc062723c751e8b465ee728b)
Start importing Assets/Scenes/ButterflyTest.unity using Guid(255d5db3afc1d0748b66163acc585a32) Importer(815301076,1909f56bfc062723c751e8b465ee728b)  -> (artifact id: '1843be5193f8effa57daccf5f6141d5a') in 0.002766 seconds
  Import took 0.044894 seconds .

========================================================================
Received Import Request.
  Time since last request: 32.448440 seconds.
  path: Assets/Prefabs/Prototype_Car_2.prefab
  artifactKey: Guid(68c4aa13b5a86bf4c89877ed4b5a7e39) Importer(815301076,1909f56bfc062723c751e8b465ee728b)
Start importing Assets/Prefabs/Prototype_Car_2.prefab using Guid(68c4aa13b5a86bf4c89877ed4b5a7e39) Importer(815301076,1909f56bfc062723c751e8b465ee728b)  -> (artifact id: 'f2a27324255bc93da0160bcfe91ab869') in 0.018146 seconds
  Import took 0.286467 seconds .

========================================================================
Received Import Request.
  Time since last request: 0.000468 seconds.
  path: Assets/Prefabs/Track Leader.prefab
  artifactKey: Guid(d6fc1a19b52945645a78f7d1a2217295) Importer(815301076,1909f56bfc062723c751e8b465ee728b)
Start importing Assets/Prefabs/Track Leader.prefab using Guid(d6fc1a19b52945645a78f7d1a2217295) Importer(815301076,1909f56bfc062723c751e8b465ee728b)  -> (artifact id: '24e0748f3b06aa929a0036c28f7617db') in 0.005948 seconds
  Import took 0.014790 seconds .

========================================================================
Received Prepare
Registering precompiled user dll's ...
Registered in 0.000522 seconds.
Begin MonoManager ReloadAssembly
Native extension for WindowsStandalone target not found
Refreshing native plugins compatible for Editor in 0.25 ms, found 0 plugins.
Preloading 0 native plugins for Editor in 0.00 ms.
Invoked RoslynAnalysisRunner static constructor.
RoslynAnalysisRunner will not be running.
RoslynAnalysisRunner has terminated.
Mono: successfully reloaded assembly
- Completed reload, in  0.664 seconds
Platform modules already initialized, skipping
Refreshing native plugins compatible for Editor in 0.26 ms, found 0 plugins.
Preloading 0 native plugins for Editor in 0.00 ms.
Unloading 1123 Unused Serialized files (Serialized files now loaded: 0)
System memory in use before: 62.2 MB.
System memory in use after: 62.3 MB.

Unloading 6 unused Assets to reduce memory usage. Loaded Objects now: 1633.
Total: 2.069200 ms (FindLiveObjects: 0.193900 ms CreateObjectMapping: 0.031600 ms MarkObjects: 1.770000 ms  DeleteObjects: 0.072300 ms)

========================================================================
Received Prepare
Registering precompiled user dll's ...
Registered in 0.000508 seconds.
Begin MonoManager ReloadAssembly
Native extension for WindowsStandalone target not found
Refreshing native plugins compatible for Editor in 0.27 ms, found 0 plugins.
Preloading 0 native plugins for Editor in 0.00 ms.
Invoked RoslynAnalysisRunner static constructor.
RoslynAnalysisRunner will not be running.
RoslynAnalysisRunner has terminated.
Mono: successfully reloaded assembly
- Completed reload, in  0.654 seconds
Platform modules already initialized, skipping
Refreshing native plugins compatible for Editor in 0.22 ms, found 0 plugins.
Preloading 0 native plugins for Editor in 0.00 ms.
Unloading 1123 Unused Serialized files (Serialized files now loaded: 0)
System memory in use before: 62.5 MB.
System memory in use after: 62.6 MB.

Unloading 4 unused Assets to reduce memory usage. Loaded Objects now: 1635.
Total: 1.743500 ms (FindLiveObjects: 0.226700 ms CreateObjectMapping: 0.040200 ms MarkObjects: 1.460200 ms  DeleteObjects: 0.015400 ms)

========================================================================
Received Prepare
Registering precompiled user dll's ...
Registered in 0.000521 seconds.
Begin MonoManager ReloadAssembly
Native extension for WindowsStandalone target not found
Refreshing native plugins compatible for Editor in 0.25 ms, found 0 plugins.
Preloading 0 native plugins for Editor in 0.00 ms.
Invoked RoslynAnalysisRunner static constructor.
RoslynAnalysisRunner will not be running.
RoslynAnalysisRunner has terminated.
Mono: successfully reloaded assembly
- Completed reload, in  0.648 seconds
Platform modules already initialized, skipping
Refreshing native plugins compatible for Editor in 0.23 ms, found 0 plugins.
Preloading 0 native plugins for Editor in 0.00 ms.
Unloading 1123 Unused Serialized files (Serialized files now loaded: 0)
System memory in use before: 62.7 MB.
System memory in use after: 62.8 MB.

Unloading 4 unused Assets to reduce memory usage. Loaded Objects now: 1637.
Total: 1.698600 ms (FindLiveObjects: 0.187800 ms CreateObjectMapping: 0.029900 ms MarkObjects: 1.466900 ms  DeleteObjects: 0.013100 ms)

========================================================================
Received Prepare
Registering precompiled user dll's ...
Registered in 0.000498 seconds.
Begin MonoManager ReloadAssembly
Native extension for WindowsStandalone target not found
Refreshing native plugins compatible for Editor in 0.31 ms, found 0 plugins.
Preloading 0 native plugins for Editor in 0.00 ms.
Invoked RoslynAnalysisRunner static constructor.
RoslynAnalysisRunner will not be running.
RoslynAnalysisRunner has terminated.
Mono: successfully reloaded assembly
- Completed reload, in  0.667 seconds
Platform modules already initialized, skipping
Refreshing native plugins compatible for Editor in 0.20 ms, found 0 plugins.
Preloading 0 native plugins for Editor in 0.00 ms.
Unloading 1123 Unused Serialized files (Serialized files now loaded: 0)
System memory in use before: 63.0 MB.
System memory in use after: 63.1 MB.

Unloading 4 unused Assets to reduce memory usage. Loaded Objects now: 1639.
Total: 2.112900 ms (FindLiveObjects: 0.221300 ms CreateObjectMapping: 0.048800 ms MarkObjects: 1.822200 ms  DeleteObjects: 0.019400 ms)

========================================================================
Received Prepare
Registering precompiled user dll's ...
Registered in 0.000549 seconds.
Begin MonoManager ReloadAssembly
Native extension for WindowsStandalone target not found
Refreshing native plugins compatible for Editor in 0.25 ms, found 0 plugins.
Preloading 0 native plugins for Editor in 0.00 ms.
Invoked RoslynAnalysisRunner static constructor.
RoslynAnalysisRunner will not be running.
RoslynAnalysisRunner has terminated.
Mono: successfully reloaded assembly
- Completed reload, in  0.653 seconds
Platform modules already initialized, skipping
Refreshing native plugins compatible for Editor in 0.24 ms, found 0 plugins.
Preloading 0 native plugins for Editor in 0.00 ms.
Unloading 1124 Unused Serialized files (Serialized files now loaded: 0)
System memory in use before: 63.3 MB.
System memory in use after: 63.4 MB.

Unloading 4 unused Assets to reduce memory usage. Loaded Objects now: 1642.
Total: 1.939600 ms (FindLiveObjects: 0.206000 ms CreateObjectMapping: 0.042500 ms MarkObjects: 1.676300 ms  DeleteObjects: 0.013600 ms)

========================================================================
Received Prepare
Registering precompiled user dll's ...
Registered in 0.000604 seconds.
Begin MonoManager ReloadAssembly
Native extension for WindowsStandalone target not found
Refreshing native plugins compatible for Editor in 0.25 ms, found 0 plugins.
Preloading 0 native plugins for Editor in 0.00 ms.
Invoked RoslynAnalysisRunner static constructor.
RoslynAnalysisRunner will not be running.
RoslynAnalysisRunner has terminated.
Mono: successfully reloaded assembly
- Completed reload, in  0.636 seconds
Platform modules already initialized, skipping
Refreshing native plugins compatible for Editor in 0.22 ms, found 0 plugins.
Preloading 0 native plugins for Editor in 0.00 ms.
Unloading 1124 Unused Serialized files (Serialized files now loaded: 0)
System memory in use before: 63.6 MB.
System memory in use after: 63.7 MB.

Unloading 4 unused Assets to reduce memory usage. Loaded Objects now: 1644.
Total: 1.666300 ms (FindLiveObjects: 0.199000 ms CreateObjectMapping: 0.036000 ms MarkObjects: 1.415600 ms  DeleteObjects: 0.014700 ms)

========================================================================
Received Prepare
Registering precompiled user dll's ...
Registered in 0.000501 seconds.
Begin MonoManager ReloadAssembly
Native extension for WindowsStandalone target not found
Refreshing native plugins compatible for Editor in 0.25 ms, found 0 plugins.
Preloading 0 native plugins for Editor in 0.00 ms.
Invoked RoslynAnalysisRunner static constructor.
RoslynAnalysisRunner will not be running.
RoslynAnalysisRunner has terminated.
Mono: successfully reloaded assembly
- Completed reload, in  0.660 seconds
Platform modules already initialized, skipping
Refreshing native plugins compatible for Editor in 0.23 ms, found 0 plugins.
Preloading 0 native plugins for Editor in 0.00 ms.
Unloading 1124 Unused Serialized files (Serialized files now loaded: 0)
System memory in use before: 63.7 MB.
System memory in use after: 63.8 MB.

Unloading 4 unused Assets to reduce memory usage. Loaded Objects now: 1646.
Total: 1.535200 ms (FindLiveObjects: 0.176900 ms CreateObjectMapping: 0.032300 ms MarkObjects: 1.313800 ms  DeleteObjects: 0.011300 ms)

========================================================================
Received Prepare
Registering precompiled user dll's ...
Registered in 0.000618 seconds.
Begin MonoManager ReloadAssembly
Native extension for WindowsStandalone target not found
Refreshing native plugins compatible for Editor in 0.25 ms, found 0 plugins.
Preloading 0 native plugins for Editor in 0.00 ms.
Invoked RoslynAnalysisRunner static constructor.
RoslynAnalysisRunner will not be running.
RoslynAnalysisRunner has terminated.
Mono: successfully reloaded assembly
- Completed reload, in  0.694 seconds
Platform modules already initialized, skipping
Refreshing native plugins compatible for Editor in 0.23 ms, found 0 plugins.
Preloading 0 native plugins for Editor in 0.00 ms.
Unloading 1124 Unused Serialized files (Serialized files now loaded: 0)
System memory in use before: 63.1 MB.
System memory in use after: 63.2 MB.

Unloading 4 unused Assets to reduce memory usage. Loaded Objects now: 1648.
Total: 1.719100 ms (FindLiveObjects: 0.170800 ms CreateObjectMapping: 0.029500 ms MarkObjects: 1.503300 ms  DeleteObjects: 0.014200 ms)

========================================================================
Received Import Request.
  Time since last request: 2857.189701 seconds.
  path: Assets/Scenes/MattTest.unity
  artifactKey: Guid(562f28637da197346b5d68bd0ec98044) Importer(815301076,1909f56bfc062723c751e8b465ee728b)
Start importing Assets/Scenes/MattTest.unity using Guid(562f28637da197346b5d68bd0ec98044) Importer(815301076,1909f56bfc062723c751e8b465ee728b)  -> (artifact id: 'ee02137a160775feb917224aad117671') in 0.009828 seconds
  Import took 0.011876 seconds .

========================================================================
Received Import Request.
  Time since last request: 5.565627 seconds.
  path: Assets/Scenes/ButterflyTest.unity
  artifactKey: Guid(255d5db3afc1d0748b66163acc585a32) Importer(815301076,1909f56bfc062723c751e8b465ee728b)
Start importing Assets/Scenes/ButterflyTest.unity using Guid(255d5db3afc1d0748b66163acc585a32) Importer(815301076,1909f56bfc062723c751e8b465ee728b)  -> (artifact id: 'a395ba29cf4e8da7a6953433275857e5') in 0.002873 seconds
  Import took 0.045589 seconds .

========================================================================
Received Prepare
Registering precompiled user dll's ...
Registered in 0.000534 seconds.
Begin MonoManager ReloadAssembly
Native extension for WindowsStandalone target not found
Refreshing native plugins compatible for Editor in 0.28 ms, found 0 plugins.
Preloading 0 native plugins for Editor in 0.00 ms.
Invoked RoslynAnalysisRunner static constructor.
RoslynAnalysisRunner will not be running.
RoslynAnalysisRunner has terminated.
Mono: successfully reloaded assembly
- Completed reload, in  0.679 seconds
Platform modules already initialized, skipping
Refreshing native plugins compatible for Editor in 0.24 ms, found 0 plugins.
Preloading 0 native plugins for Editor in 0.00 ms.
Unloading 1124 Unused Serialized files (Serialized files now loaded: 0)
System memory in use before: 63.4 MB.
System memory in use after: 63.5 MB.

Unloading 4 unused Assets to reduce memory usage. Loaded Objects now: 1650.
Total: 1.526200 ms (FindLiveObjects: 0.171100 ms CreateObjectMapping: 0.031700 ms MarkObjects: 1.310900 ms  DeleteObjects: 0.011400 ms)

========================================================================
Received Prepare
Registering precompiled user dll's ...
Registered in 0.000633 seconds.
Begin MonoManager ReloadAssembly
Native extension for WindowsStandalone target not found
Refreshing native plugins compatible for Editor in 0.25 ms, found 0 plugins.
Preloading 0 native plugins for Editor in 0.00 ms.
Invoked RoslynAnalysisRunner static constructor.
RoslynAnalysisRunner will not be running.
RoslynAnalysisRunner has terminated.
Mono: successfully reloaded assembly
- Completed reload, in  0.646 seconds
Platform modules already initialized, skipping
Refreshing native plugins compatible for Editor in 0.25 ms, found 0 plugins.
Preloading 0 native plugins for Editor in 0.00 ms.
Unloading 1124 Unused Serialized files (Serialized files now loaded: 0)
System memory in use before: 63.6 MB.
System memory in use after: 63.7 MB.

Unloading 4 unused Assets to reduce memory usage. Loaded Objects now: 1652.
Total: 1.883200 ms (FindLiveObjects: 0.184000 ms CreateObjectMapping: 0.034000 ms MarkObjects: 1.649100 ms  DeleteObjects: 0.014900 ms)

========================================================================
Received Prepare
Registering precompiled user dll's ...
Registered in 0.000545 seconds.
Begin MonoManager ReloadAssembly
Native extension for WindowsStandalone target not found
Refreshing native plugins compatible for Editor in 0.25 ms, found 0 plugins.
Preloading 0 native plugins for Editor in 0.00 ms.
Invoked RoslynAnalysisRunner static constructor.
RoslynAnalysisRunner will not be running.
RoslynAnalysisRunner has terminated.
Mono: successfully reloaded assembly
- Completed reload, in  0.647 seconds
Platform modules already initialized, skipping
Refreshing native plugins compatible for Editor in 0.23 ms, found 0 plugins.
Preloading 0 native plugins for Editor in 0.00 ms.
Unloading 1124 Unused Serialized files (Serialized files now loaded: 0)
System memory in use before: 63.8 MB.
System memory in use after: 63.9 MB.

Unloading 4 unused Assets to reduce memory usage. Loaded Objects now: 1654.
Total: 1.579100 ms (FindLiveObjects: 0.160500 ms CreateObjectMapping: 0.034400 ms MarkObjects: 1.371400 ms  DeleteObjects: 0.011800 ms)

========================================================================
Received Prepare
Registering precompiled user dll's ...
Registered in 0.000688 seconds.
Begin MonoManager ReloadAssembly
Native extension for WindowsStandalone target not found
Refreshing native plugins compatible for Editor in 0.25 ms, found 0 plugins.
Preloading 0 native plugins for Editor in 0.00 ms.
Invoked RoslynAnalysisRunner static constructor.
RoslynAnalysisRunner will not be running.
RoslynAnalysisRunner has terminated.
Mono: successfully reloaded assembly
- Completed reload, in  0.646 seconds
Platform modules already initialized, skipping
Refreshing native plugins compatible for Editor in 0.21 ms, found 0 plugins.
Preloading 0 native plugins for Editor in 0.00 ms.
Unloading 1124 Unused Serialized files (Serialized files now loaded: 0)
System memory in use before: 63.2 MB.
System memory in use after: 63.3 MB.

Unloading 4 unused Assets to reduce memory usage. Loaded Objects now: 1656.
Total: 1.834400 ms (FindLiveObjects: 0.172200 ms CreateObjectMapping: 0.030000 ms MarkObjects: 1.616600 ms  DeleteObjects: 0.014500 ms)

========================================================================
Received Prepare
Registering precompiled user dll's ...
Registered in 0.000535 seconds.
Begin MonoManager ReloadAssembly
Native extension for WindowsStandalone target not found
Refreshing native plugins compatible for Editor in 0.25 ms, found 0 plugins.
Preloading 0 native plugins for Editor in 0.00 ms.
Invoked RoslynAnalysisRunner static constructor.
RoslynAnalysisRunner will not be running.
RoslynAnalysisRunner has terminated.
Mono: successfully reloaded assembly
- Completed reload, in  0.658 seconds
Platform modules already initialized, skipping
Refreshing native plugins compatible for Editor in 0.24 ms, found 0 plugins.
Preloading 0 native plugins for Editor in 0.00 ms.
Unloading 1124 Unused Serialized files (Serialized files now loaded: 0)
System memory in use before: 63.4 MB.
System memory in use after: 63.5 MB.

Unloading 4 unused Assets to reduce memory usage. Loaded Objects now: 1658.
Total: 1.564100 ms (FindLiveObjects: 0.191700 ms CreateObjectMapping: 0.031000 ms MarkObjects: 1.326600 ms  DeleteObjects: 0.014100 ms)

AssetImportWorkerClient::OnTransportError - code=2 error=End of file
